<?xml version="1.0" encoding="UTF-8"?>
<!-- Generated by org.testng.reporters.JUnitReportReporter -->
<testsuite hostname="DESKTOP-A4LASFF" name="org.test.Fb" tests="4" failures="0" timestamp="22 Aug 2019 06:33:27 GMT" time="116.098" errors="0">
  <testcase name="test1" time="29.932" classname="org.test.Fb"/>
  <testcase name="test2" time="18.861" classname="org.test.Fb"/>
  <testcase name="test2" time="36.891" classname="org.test.Fb"/>
  <testcase name="test1" time="30.414" classname="org.test.Fb"/>
</testsuite> <!-- org.test.Fb -->
