<?xml version="1.0" encoding="UTF-8"?>
<!-- Generated by org.testng.reporters.JUnitReportReporter -->
<testsuite hostname="DESKTOP-A4LASFF" name="org.test.Simple" tests="4" failures="0" timestamp="22 Aug 2019 04:31:02 GMT" time="13.947" errors="0">
  <testcase name="test4" time="0.001" classname="org.test.Simple"/>
  <testcase name="test3" time="0.001" classname="org.test.Simple"/>
  <testcase name="test2" time="13.944" classname="org.test.Simple"/>
  <testcase name="test5" time="0.001" classname="org.test.Simple"/>
</testsuite> <!-- org.test.Simple -->
