<?xml version="1.0" encoding="UTF-8"?>
<!-- Generated by org.testng.reporters.JUnitReportReporter -->
<testsuite hostname="DESKTOP-A4LASFF" name="org.test.Employee" tests="5" failures="0" timestamp="22 Aug 2019 04:31:02 GMT" time="0.015" errors="0">
  <testcase name="test2" time="0.000" classname="org.test.Employee"/>
  <testcase name="test3" time="0.012" classname="org.test.Employee"/>
  <testcase name="test1" time="0.001" classname="org.test.Employee"/>
  <testcase name="test5" time="0.001" classname="org.test.Employee"/>
  <testcase name="test4" time="0.001" classname="org.test.Employee"/>
</testsuite> <!-- org.test.Employee -->
